A D/ca////
A D/cs////
A D/cs-CZ////
A D/da////
A D/da-DK////
A D/de////
A D/de-CH////
A D/de-DE////
A D/el////
A D/en-US////
A D/es-ES////
A D/fi////
A D/fi-FI////
A D/fr////
A D/fr-FR////
A D/gl-ES////
A D/hu////
A D/hu-HU////
A D/it////
A D/it-IT////
A D/ja////
A D/ja-JP////
A D/ko////
A D/ko-KR////
A D/lt////
A D/lt-LT////
A D/mk////
A D/mk-MK////
A D/nl////
A D/nl-NL////
A D/pl////
A D/pl-PL////
A D/pt-BR////
A D/pt-PT////
A D/ro////
A D/ro-RO////
A D/ru////
A D/ru-RU////
A D/sk////
A D/sk-SK////
A D/sl////
A D/sr-RS////
A D/sr-Yu////
A D/sv-SE////
A D/tr////
A D/tr-TR////
A D/uk////
A D/uk-UA////
A D/vi////
A D/zh-CN////
A D/zh-TW////
